10 Mar 2025 17:08:55,322 INFO  ro.mpp2024.CarsDBRepository 19 <init> - Initializing CarsDBRepository with properties: {jdbc.url="jdbc:sqlite/Users/ANDRA/IdeaProjects/teme-lab-AndraVraa/activitate_lab3/cars.db"} 
10 Mar 2025 17:08:55,333 TRACE ro.mpp2024.CarsDBRepository 78 add - Enter saving task Id=0 Tesla Model S 2019
10 Mar 2025 17:08:55,333 TRACE ro.mpp2024.JdbcUtils 47 getConnection - Enter
10 Mar 2025 17:08:55,334 TRACE ro.mpp2024.JdbcUtils 24 getNewConnection - Enter
10 Mar 2025 17:08:55,334 INFO  ro.mpp2024.JdbcUtils 29 getNewConnection - trying to connect to database ... "jdbc:sqlite/Users/ANDRA/IdeaProjects/teme-lab-AndraVraa/activitate_lab3/cars.db"
10 Mar 2025 17:08:55,334 INFO  ro.mpp2024.JdbcUtils 30 getNewConnection - user: null
10 Mar 2025 17:08:55,334 INFO  ro.mpp2024.JdbcUtils 31 getNewConnection - pass: null
10 Mar 2025 17:08:55,344 ERROR ro.mpp2024.JdbcUtils 40 getNewConnection - java.sql.SQLException: No suitable driver found for "jdbc:sqlite/Users/ANDRA/IdeaProjects/teme-lab-AndraVraa/activitate_lab3/cars.db"
10 Mar 2025 17:08:55,345 TRACE ro.mpp2024.JdbcUtils 56 getConnection - Exit
10 Mar 2025 17:09:10,331 INFO  ro.mpp2024.CarsDBRepository 19 <init> - Initializing CarsDBRepository with properties: {jdbc.url="jdbc:sqlite/Users/ANDRA/IdeaProjects/teme-lab-AndraVraa/activitate_lab3/cars.db"} 
10 Mar 2025 17:09:10,341 TRACE ro.mpp2024.CarsDBRepository 78 add - Enter saving task Id=0 Tesla Model S 2019
10 Mar 2025 17:09:10,341 TRACE ro.mpp2024.JdbcUtils 47 getConnection - Enter
10 Mar 2025 17:09:10,341 TRACE ro.mpp2024.JdbcUtils 24 getNewConnection - Enter
10 Mar 2025 17:09:10,341 INFO  ro.mpp2024.JdbcUtils 29 getNewConnection - trying to connect to database ... "jdbc:sqlite/Users/ANDRA/IdeaProjects/teme-lab-AndraVraa/activitate_lab3/cars.db"
10 Mar 2025 17:09:10,342 INFO  ro.mpp2024.JdbcUtils 30 getNewConnection - user: null
10 Mar 2025 17:09:10,342 INFO  ro.mpp2024.JdbcUtils 31 getNewConnection - pass: null
10 Mar 2025 17:09:10,352 ERROR ro.mpp2024.JdbcUtils 40 getNewConnection - java.sql.SQLException: No suitable driver found for "jdbc:sqlite/Users/ANDRA/IdeaProjects/teme-lab-AndraVraa/activitate_lab3/cars.db"
10 Mar 2025 17:09:10,353 TRACE ro.mpp2024.JdbcUtils 56 getConnection - Exit
10 Mar 2025 17:12:33,320 INFO  ro.mpp2024.CarsDBRepository 19 <init> - Initializing CarsDBRepository with properties: {jdbc.url="jdbc:sqlite/Users/ANDRA/IdeaProjects/teme-lab-AndraVraa/activitate_lab3/cars.db"} 
10 Mar 2025 17:12:33,331 TRACE ro.mpp2024.CarsDBRepository 78 add - Enter saving task Id=0 Tesla Model S 2019
10 Mar 2025 17:12:33,331 TRACE ro.mpp2024.JdbcUtils 47 getConnection - Enter
10 Mar 2025 17:12:33,331 TRACE ro.mpp2024.JdbcUtils 24 getNewConnection - Enter
10 Mar 2025 17:12:33,331 INFO  ro.mpp2024.JdbcUtils 29 getNewConnection - trying to connect to database ... "jdbc:sqlite/Users/ANDRA/IdeaProjects/teme-lab-AndraVraa/activitate_lab3/cars.db"
10 Mar 2025 17:12:33,332 INFO  ro.mpp2024.JdbcUtils 30 getNewConnection - user: null
10 Mar 2025 17:12:33,332 INFO  ro.mpp2024.JdbcUtils 31 getNewConnection - pass: null
10 Mar 2025 17:12:33,341 ERROR ro.mpp2024.JdbcUtils 40 getNewConnection - java.sql.SQLException: No suitable driver found for "jdbc:sqlite/Users/ANDRA/IdeaProjects/teme-lab-AndraVraa/activitate_lab3/cars.db"
10 Mar 2025 17:12:33,342 TRACE ro.mpp2024.JdbcUtils 56 getConnection - Exit
10 Mar 2025 17:18:01,677 INFO  ro.mpp2024.CarsDBRepository 19 <init> - Initializing CarsDBRepository with properties: {} 
10 Mar 2025 17:18:01,687 TRACE ro.mpp2024.CarsDBRepository 78 add - Enter saving task Id=0 Tesla Model S 2019
10 Mar 2025 17:18:01,688 TRACE ro.mpp2024.JdbcUtils 47 getConnection - Enter
10 Mar 2025 17:18:01,688 TRACE ro.mpp2024.JdbcUtils 24 getNewConnection - Enter
10 Mar 2025 17:18:01,688 INFO  ro.mpp2024.JdbcUtils 29 getNewConnection - trying to connect to database ... null
10 Mar 2025 17:18:01,688 INFO  ro.mpp2024.JdbcUtils 30 getNewConnection - user: null
10 Mar 2025 17:18:01,688 INFO  ro.mpp2024.JdbcUtils 31 getNewConnection - pass: null
10 Mar 2025 17:18:01,690 ERROR ro.mpp2024.JdbcUtils 40 getNewConnection - java.sql.SQLException: The url cannot be null
10 Mar 2025 17:18:01,691 TRACE ro.mpp2024.JdbcUtils 56 getConnection - Exit
10 Mar 2025 17:21:31,591 INFO  ro.mpp2024.CarsDBRepository 19 <init> - Initializing CarsDBRepository with properties: {} 
10 Mar 2025 17:21:31,603 TRACE ro.mpp2024.CarsDBRepository 78 add - Enter saving task Id=0 Tesla Model S 2019
10 Mar 2025 17:21:31,603 TRACE ro.mpp2024.JdbcUtils 47 getConnection - Enter
10 Mar 2025 17:21:31,603 TRACE ro.mpp2024.JdbcUtils 24 getNewConnection - Enter
10 Mar 2025 17:21:31,604 INFO  ro.mpp2024.JdbcUtils 29 getNewConnection - trying to connect to database ... null
10 Mar 2025 17:21:31,604 INFO  ro.mpp2024.JdbcUtils 30 getNewConnection - user: null
10 Mar 2025 17:21:31,604 INFO  ro.mpp2024.JdbcUtils 31 getNewConnection - pass: null
10 Mar 2025 17:21:31,605 ERROR ro.mpp2024.JdbcUtils 40 getNewConnection - java.sql.SQLException: The url cannot be null
10 Mar 2025 17:21:31,606 TRACE ro.mpp2024.JdbcUtils 56 getConnection - Exit
